77 60 53 53 53 53 27 27 27 27 27 27 27 27 27 27 27 27 27 27 27 27 27 27 27 27 27 27 27 27 27 27 53 53 53 53 53 53 53 53 53 53 53 53 53 53 53 53 53 52
45 45 53 53 53 53 27 27 27 27 27 27 27 27 27 27 27 27 27 27 27 27 27 27 27 27 27 27 27 27 27 27 21 21 21 21 53 53 53 53 53 53 53 53 53 53 53 53 53 60
45 45 53 53 53 53 27 27 27 27 27 27 27 27 27 27 27 27 27 27 27 27 27 27 27 27 27 27 27 27 27 27 21 21 21 21 53 53 53 53 53 53 53 53 53 53 53 53 53 60
45 45 53 53 53 53 27 27 27 27 27 27 27 27 27 27 27 27 27 27 27 27 27 27 27 27 27 27 27 27 27 27 21 21 21 21 53 53 53 53 53 53 53 53 53 53 53 53 53 60
45 45 53 53 53 53 27 27 27 27 27 27 27 27 27 27 27 27 27 27 27 27 27 27 38 38 38 38 38 27 27 27 21 21 21 21 21 21 21 21 21 21 21 21 21 53 53 53 53 60
45 45 53 53 53 53 27 27 27 27 27 27 27 27 27 27 27 27 27 27 59 59 59 59 59 59 59 59 59 59 59 59 59 59 59 59 59 59 59 59 59 59 21 21 21 53 53 53 53 60
45 45 53 53 85 85 27 27 27 27 27 27 27 27 27 27 27 27 27 27 59 59 59 59 59 59 59 59 59 59 59 59 59 59 59 59 59 59 59 59 59 59 21 21 21 42 85 85 85 85
45 45 53 53 85 85 27 27 77 27 27 27 27 27 27 25 25 25 25 25 25 25 25 25 25 25 25 25 25 25 25 25 25 25 25 25 25 25 25 25 25 25 25 21 21 42 85 85 85 85
45 45 53 53 85 85 27 27 77 27 27 27 27 27 27 25 25 25 25 25 25 25 25 25 25 25 25 25 25 25 25 25 25 25 25 25 25 25 25 25 25 25 25 25 25 25 85 85 85 85
45 45 53 53 85 85 27 27 77 27 27 27 27 27 27 25 25 25 25 25 25 25 25 25 25 25 25 25 25 25 25 25 25 25 25 25 25 25 25 25 25 25 25 25 25 25 85 85 85 85
45 45 53 53 85 85 27 27 77 27 27 27 27 27 40 25 25 25 25 25 25 25 25 25 25 25 25 25 25 25 25 25 25 25 25 25 25 25 25 25 25 25 25 25 25 25 85 85 85 85
45 45 53 53 85 85 27 27 77 91 91 91 91 91 91 91 91 91 91 91 91 13 13 13 91 91 91 91 91 91 91 91 91 91 91 91 91 91 91 25 25 25 25 25 25 25 85 85 85 85
45 45 53 53 85 85 27 27 77 91 91 91 91 91 91 91 91 91 91 91 91 13 13 13 91 91 91 91 91 91 91 91 91 91 91 91 91 91 91 25 25 25 25 25 25 25 85 85 85 85
45 45 53 53 85 85 27 27 77 91 91 91 91 91 91 91 91 91 91 91 91 13 13 13 91 91 91 91 91 91 91 91 91 91 91 91 91 91 91 25 25 25 25 25 25 25 85 85 85 85
45 45 53 53 85 85 27 27 77 91 91 91 91 91 91 91 91 91 91 91 91 13 13 13 91 91 91 91 91 91 91 91 91 91 91 91 91 91 91 25 25 25 25 25 25 25 85 85 85 85
45 21 84 84 84 84 84 84 84 84 84 84 91 91 91 91 91 91 91 91 91 13 13 13 91 91 91 91 91 91 91 91 91 91 91 91 91 91 91 25 25 25 25 25 25 25 85 85 85 85
45 21 84 84 84 84 84 84 84 84 84 84 91 91 91 91 91 91 91 91 91 13 13 13 91 91 91 91 91 91 91 91 91 91 91 91 91 91 91 25 25 25 25 25 25 25 85 85 85 85
64 21 84 84 84 84 84 84 84 84 84 84 91 91 91 91 91 91 91 91 91 13 13 13 91 91 91 91 91 91 91 91 91 91 91 91 91 91 91 25 25 25 25 25 25 25 85 85 85 85
64 21 84 84 84 84 84 84 84 84 84 84 91 91 91 91 91 91 91 91 91 91 91 91 91 91 91 91 91 91 91 91 91 91 91 91 91 91 91 25 25 25 25 25 25 25 85 85 85 85
64 21 84 84 84 84 84 84 84 84 84 84 91 91 91 91 91 91 91 91 91 91 91 91 91 91 91 91 91 91 91 91 91 91 91 91 91 91 91 25 25 25 25 25 25 25 85 85 85 85
64 21 84 84 84 84 84 84 84 84 84 84 21 21 52 52 52 52 52 52 52 52 52 52 52 52 52 52 52 52 52 52 52 25 25 25 25 25 25 25 25 25 25 25 25 25 85 85 85 85
64 21 84 84 84 84 84 84 84 84 84 84 21 21 19 19 19 19 19 19 19 19 19 19 19 25 25 25 25 25 25 25 25 25 25 25 25 25 25 25 25 25 25 25 25 25 85 85 85 85
64 21 84 84 84 84 84 84 84 84 84 84 21 21 19 19 19 19 19 19 19 19 19 19 19 25 25 25 25 25 25 25 25 25 25 25 25 25 25 25 25 25 25 25 25 25 85 85 85 85
88 21 84 84 84 84 84 84 84 84 84 84 21 21 19 19 19 19 19 19 19 19 19 19 19 25 25 25 25 25 25 25 25 25 25 25 25 25 25 25 25 25 25 25 25 25 85 85 85 85
88 21 84 84 84 84 84 84 84 84 84 84 21 21 19 19 19 19 19 19 19 19 19 19 19 25 25 25 25 25 25 25 25 25 25 25 25 25 25 25 25 25 25 25 25 25 85 85 85 85
88 21 84 84 84 84 84 84 84 84 84 84 21 21 19 19 19 19 19 19 19 19 19 19 19 25 25 25 25 25 25 25 25 25 25 25 25 25 25 25 25 25 25 25 25 25 85 85 85 85
88 21 84 84 84 84 84 84 84 84 84 84 21 21 19 19 19 19 19 19 19 19 19 19 19 25 25 25 25 25 25 25 25 25 25 25 25 25 25 25 25 25 25 25 25 25 85 85 85 85
88 21 84 84 84 84 84 84 84 84 84 84 21 21 19 19 19 19 19 19 19 19 19 19 19 25 25 25 25 25 25 25 25 25 25 25 25 25 25 25 25 25 25 25 25 25 85 85 85 85
88 21 84 84 84 84 84 84 84 84 84 84 21 21 19 19 19 19 19 19 19 19 19 19 19 25 25 25 25 25 25 25 25 25 25 25 25 25 25 25 25 25 25 25 25 25 85 85 85 85
88 21 84 84 84 84 84 84 84 84 84 84 21 21 19 19 19 19 19 19 19 19 19 19 19 25 25 25 25 25 25 25 25 25 25 25 25 25 25 25 25 25 25 25 25 25 85 85 85 85
88 21 84 84 84 84 84 84 84 84 84 84 21 21 19 19 19 19 19 19 19 78 78 78 78 78 78 78 78 78 78 78 78 78 78 25 25 25 25 25 25 25 25 25 25 25 85 85 85 85
88 21 84 84 84 84 84 84 84 84 84 84 21 21 19 19 19 19 19 19 19 78 78 78 78 78 78 78 78 78 78 78 78 78 78 25 25 25 25 25 25 25 25 25 25 25 85 85 85 85
88 21 84 84 84 84 84 84 84 84 84 84 21 21 19 19 19 19 19 19 19 19 19 19 19 25 25 25 25 25 25 25 25 25 25 25 25 25 25 25 25 25 25 25 25 25 85 85 85 85
88 21 84 84 84 84 84 84 84 84 84 84 21 21 19 19 19 19 19 19 19 19 19 19 19 25 25 25 25 25 25 25 25 25 25 25 25 25 25 25 25 25 25 25 25 25 85 85 85 85
88 21 84 84 84 84 84 84 84 84 84 84 21 21 19 19 19 19 19 19 19 19 19 19 19 25 25 25 25 25 25 25 25 25 25 25 25 25 25 25 25 25 25 25 25 25 85 85 85 85
88 21 84 84 84 84 84 84 84 84 84 84 21 21 19 19 19 19 19 19 19 19 19 19 19 25 25 25 25 25 25 25 25 25 25 25 25 25 25 25 25 25 25 25 25 25 85 85 85 85
88 21 84 84 84 84 84 84 84 84 84 84 21 21 19 19 19 19 19 19 19 19 19 19 19 25 25 25 25 25 25 25 25 25 25 25 25 25 25 25 25 25 25 25 25 25 85 85 85 85
88 21 84 84 84 84 84 84 84 84 84 84 21 21 19 19 19 19 19 19 19 19 19 19 19 25 25 25 25 25 25 25 25 25 25 25 25 25 25 25 25 25 25 25 25 25 85 85 85 85
88 21 84 84 84 84 84 84 84 84 84 84 21 21 19 19 19 19 19 19 19 19 19 19 19 25 25 25 25 25 25 25 25 25 25 25 25 25 25 25 25 25 25 25 25 25 85 85 85 85
88 21 84 84 84 84 84 84 84 84 84 84 21 21 19 19 19 19 19 19 19 19 19 19 19 25 25 25 25 25 25 25 25 25 25 25 25 25 25 25 25 25 25 25 25 25 85 85 85 85
88 21 84 84 84 84 84 84 84 84 84 84 21 21 21 25 25 25 25 25 25 25 25 25 25 25 25 25 25 25 25 25 25 25 25 25 25 25 25 25 25 25 25 25 25 25 85 85 85 85
88 21 84 84 84 84 84 84 84 84 84 84 21 21 21 25 25 25 25 25 25 25 25 25 25 25 25 25 25 25 25 25 25 25 25 25 25 25 25 25 25 25 25 25 25 25 85 85 85 85
88 88 84 84 84 84 84 84 84 84 84 84 39 39 39 25 25 25 25 25 25 25 25 25 25 25 25 25 25 25 25 25 25 25 25 25 25 25 25 25 25 25 25 25 25 25 9 55 82 82
88 88 84 84 84 84 84 84 84 84 84 84 39 39 39 25 25 25 25 25 25 25 25 25 25 25 25 25 25 25 25 25 25 25 25 25 25 25 25 25 25 25 25 25 25 25 9 55 82 82
88 88 84 84 84 84 84 84 84 84 84 84 39 39 39 25 25 25 25 25 25 25 25 25 25 25 25 25 25 25 25 25 25 25 25 25 25 25 25 25 25 25 25 25 25 25 55 55 82 82
88 88 84 84 84 84 84 84 84 84 84 84 39 39 39 25 25 25 25 25 25 25 25 25 25 25 25 25 25 25 25 25 25 25 25 25 25 25 25 25 25 25 25 25 25 25 55 55 82 82
88 88 84 84 84 84 84 84 84 84 84 84 39 39 39 25 25 25 25 25 25 25 25 25 25 25 25 25 25 25 25 25 25 25 25 25 25 25 25 25 25 25 25 25 25 25 55 55 84 60
88 88 84 84 84 84 84 84 84 84 84 84 39 39 39 25 25 25 25 25 25 25 25 25 25 25 25 25 25 25 25 25 25 25 25 25 25 25 25 25 25 25 25 25 25 25 55 55 60 60
60 15 84 84 84 84 84 84 84 84 84 84 39 39 39 25 25 25 25 25 25 25 25 25 25 25 25 25 25 25 25 25 25 25 25 25 25 25 25 25 25 25 25 25 25 25 55 55 60 60
83 15 60 53 53 53 53 53 53 53 53 53 53 53 53 53 53 53 53 53 53 53 53 53 53 53 53 53 53 53 53 53 53 53 53 60 60 60 60 60 60 60 60 60 60 60 60 60 60 88
