16 77 77 77 77 77 77 77 77 77 77 77 77 77 77 77 77 77 77 77 77 77 77 77 77 77 77 77 77 77 77 77 77 77 77 77 77 77 77 77 77 77 77 77 77 9 9 9 9 43
46 77 77 77 77 77 77 77 77 77 77 77 77 77 77 77 77 77 77 77 77 77 77 77 77 77 77 77 77 77 77 77 77 77 77 77 77 77 77 77 77 77 77 77 77 85 9 9 9 9
46 77 77 77 77 77 77 77 77 77 77 77 77 77 77 77 77 77 77 77 77 77 77 77 77 77 77 77 77 77 77 77 77 77 77 77 77 77 77 77 77 77 77 77 77 85 9 9 9 9
46 77 77 77 77 77 77 77 77 77 77 77 77 77 77 77 77 77 77 77 77 77 77 77 77 77 77 77 77 77 77 77 77 77 77 77 77 77 77 77 77 77 77 77 77 93 93 93 93 93
46 77 77 77 77 77 77 77 77 77 77 77 77 77 77 77 77 77 77 77 77 77 77 77 77 77 77 77 77 77 77 77 77 77 77 77 77 77 77 77 77 77 77 77 77 93 93 93 93 93
46 77 77 77 77 77 77 77 77 77 77 77 77 77 77 77 77 77 77 77 77 77 77 77 77 77 77 77 77 77 77 77 77 77 77 77 77 77 77 77 77 77 77 77 77 93 93 93 93 93
46 77 77 77 77 77 77 77 77 77 77 77 77 77 77 77 77 77 77 77 77 77 77 77 77 77 77 77 77 77 77 77 77 77 77 77 77 77 77 77 77 77 77 77 77 93 93 93 93 93
46 77 77 77 77 77 77 77 77 77 77 77 77 77 77 77 77 77 77 77 77 77 77 77 77 77 77 77 77 77 77 77 77 77 77 77 77 77 77 77 77 29 29 77 77 93 93 93 93 93
46 77 77 77 77 77 77 77 77 77 77 77 77 77 77 77 77 77 77 77 77 77 77 77 77 77 77 77 77 77 77 77 77 77 77 77 77 77 77 77 77 29 29 77 77 93 93 93 93 93
46 77 77 77 77 77 77 77 77 77 77 77 77 77 77 77 77 77 77 77 77 77 77 77 77 77 77 77 77 77 77 77 77 77 77 77 77 77 77 77 77 29 29 77 77 1 1 93 93 93
82 77 77 77 77 77 77 77 77 77 77 77 77 77 77 77 77 77 77 77 77 77 77 77 77 77 77 77 77 77 77 77 77 77 77 77 77 77 77 77 77 29 29 77 77 1 1 93 93 93
82 41 41 41 41 41 41 41 41 41 41 41 41 41 41 41 41 41 41 41 41 41 41 41 41 41 41 41 41 41 41 41 41 41 41 41 41 41 41 41 41 41 41 41 41 41 41 41 93 93
82 41 41 41 41 41 41 41 41 41 41 41 41 41 41 41 41 41 41 41 41 41 41 41 41 41 41 41 41 41 41 41 41 41 41 41 41 41 41 41 41 41 41 41 41 41 41 41 93 93
82 41 41 41 41 41 41 41 41 41 41 41 41 41 41 41 41 41 41 41 41 41 41 41 41 41 41 41 41 41 41 41 41 41 41 41 41 41 41 41 41 41 41 41 41 41 41 41 93 93
82 41 41 41 41 41 41 41 41 41 41 41 41 41 41 41 41 41 41 41 41 41 41 41 41 41 41 41 41 41 41 41 41 41 41 41 41 41 41 41 41 41 41 41 41 41 41 41 93 93
82 41 41 41 41 41 41 41 41 41 41 41 41 41 41 41 41 41 41 41 41 41 41 41 41 41 41 41 41 41 41 41 41 41 41 41 41 41 41 41 41 41 41 41 41 41 41 41 93 93
82 41 41 41 41 41 41 41 41 41 41 41 41 41 41 41 41 41 41 41 41 41 41 41 41 41 41 41 41 41 41 41 41 41 41 41 41 41 41 41 41 41 41 41 41 41 41 41 93 93
83 41 41 41 41 41 41 41 41 41 41 41 22 22 22 22 22 22 22 22 22 22 22 22 22 22 22 22 22 22 22 22 22 22 22 22 22 22 22 22 22 41 41 41 41 41 41 41 93 93
83 41 41 41 41 41 41 41 41 41 41 41 22 22 22 22 22 22 22 22 22 22 22 22 22 22 22 22 22 22 22 22 22 22 22 22 22 22 22 22 22 41 41 41 41 41 41 41 93 93
83 41 41 41 41 41 41 41 41 41 41 41 22 22 22 22 22 22 22 22 22 22 22 22 22 22 22 22 22 22 22 22 22 22 22 22 22 22 22 22 22 41 41 41 41 41 41 41 93 93
83 41 41 41 41 41 41 41 41 41 41 41 22 22 22 22 22 22 22 22 22 22 22 22 22 22 22 22 22 22 22 22 22 22 22 22 22 22 22 22 22 41 41 41 41 41 41 41 93 93
83 41 41 41 41 41 41 41 41 41 41 41 22 22 22 22 22 22 22 22 22 22 22 22 22 22 22 22 22 22 22 22 22 22 22 22 22 22 22 22 22 41 41 41 41 41 41 41 93 93
83 77 77 77 77 77 77 77 77 77 77 77 77 77 77 77 77 77 77 77 77 77 77 77 77 77 77 77 77 77 77 77 77 77 77 77 77 77 77 77 77 29 29 77 77 37 37 23 93 93
83 77 77 77 77 77 77 77 77 77 77 77 77 77 77 77 77 77 77 77 77 77 77 77 77 77 77 77 77 77 77 77 77 77 77 77 77 77 77 77 77 77 77 77 77 1 1 23 93 93
83 77 77 77 77 77 77 77 77 77 77 77 77 77 77 77 77 77 77 77 77 77 77 77 77 77 77 77 77 77 77 77 77 77 77 77 77 77 77 77 77 77 77 77 77 1 1 23 93 93
83 77 77 77 77 77 77 77 77 77 77 77 77 77 77 77 77 77 77 77 77 77 77 77 77 77 77 77 77 77 77 77 77 77 77 77 77 77 77 77 77 77 77 77 77 1 1 23 93 93
83 77 77 77 77 77 77 77 77 77 77 77 77 77 77 77 77 77 77 77 77 77 77 77 77 77 77 77 77 77 77 77 77 77 77 77 77 77 77 77 77 77 77 77 77 89 89 89 89 89
83 77 77 77 77 77 77 77 77 77 77 77 77 77 77 77 77 77 77 77 77 77 77 77 77 77 77 77 77 77 77 77 77 77 77 77 77 77 77 77 77 77 77 77 77 89 89 89 89 89
83 83 83 83 83 83 83 83 83 83 83 83 83 83 83 83 83 83 83 84 84 84 84 84 81 81 81 81 81 81 84 84 84 77 77 77 77 77 77 77 77 77 77 89 89 89 89 89 89 89
83 83 83 83 83 83 83 83 83 83 83 83 83 83 83 83 83 83 83 84 84 84 84 84 81 81 81 81 81 81 84 84 84 77 77 77 77 77 77 77 77 77 77 89 89 89 89 89 89 89
83 83 83 83 83 83 83 83 83 83 83 83 83 83 83 83 83 83 83 84 84 84 84 84 81 81 81 81 81 81 84 84 84 77 77 77 77 77 77 77 77 77 77 89 89 89 89 89 89 89
83 83 83 83 83 83 83 83 83 83 83 83 83 83 83 83 83 83 83 84 84 84 84 84 81 81 81 81 81 81 84 84 84 77 77 77 77 77 77 77 77 77 77 89 89 89 89 89 89 89
57 57 57 57 57 57 57 57 57 57 57 43 43 43 43 43 43 43 43 43 43 43 43 43 81 81 81 81 81 81 43 43 43 43 43 43 43 43 43 43 77 77 77 89 89 89 89 89 89 89
57 57 57 57 57 57 57 57 57 57 57 43 43 43 43 43 43 43 43 43 43 43 43 43 81 81 81 81 81 81 43 43 43 43 43 43 43 43 43 43 77 77 77 13 13 13 13 13 13 13
57 57 57 57 57 57 57 57 57 57 57 43 43 43 43 43 43 43 43 43 43 43 43 43 81 81 81 81 81 81 43 43 43 43 43 43 43 43 43 43 77 77 77 13 13 13 13 13 13 13
57 57 57 57 57 57 57 57 57 57 57 43 43 43 43 43 43 43 43 43 43 43 43 43 81 81 81 81 81 81 43 43 43 43 43 43 43 43 43 43 77 77 77 1 1 1 1 23 93 93
57 57 57 57 57 57 57 57 57 57 57 43 43 43 43 43 43 43 43 43 43 43 43 43 81 81 81 81 81 81 43 43 43 43 43 43 43 43 43 43 77 77 77 1 1 1 1 23 93 93
57 57 57 57 57 57 57 57 57 57 57 43 43 43 43 43 43 43 43 43 43 43 43 43 81 81 81 81 81 81 43 43 43 43 43 43 43 43 43 43 77 77 77 1 1 1 1 23 93 93
57 57 57 57 57 57 57 57 57 57 57 57 57 84 84 84 84 84 84 84 84 84 84 84 81 81 81 81 81 81 84 84 84 1 1 1 1 1 1 1 1 1 1 1 1 1 1 23 93 93
57 57 57 57 57 57 57 57 57 57 57 57 57 84 84 84 84 84 84 84 84 84 84 84 81 81 81 81 81 81 84 84 84 15 15 15 15 15 15 15 15 15 15 15 15 23 23 23 93 93
57 57 57 57 57 57 57 57 57 57 57 57 57 84 84 84 84 84 84 84 84 84 84 84 81 81 81 81 81 81 84 84 84 15 15 15 15 15 15 15 15 15 15 15 15 23 23 23 93 93
57 57 57 57 57 57 57 57 57 57 57 57 57 84 84 84 84 84 84 84 84 84 84 84 81 81 81 81 81 81 84 84 84 15 15 15 15 15 15 15 15 15 15 15 15 23 23 23 93 93
57 57 57 57 57 57 57 57 57 57 57 57 57 84 84 84 84 84 84 84 84 84 84 84 81 81 81 81 81 81 84 84 84 15 15 15 15 15 15 15 15 15 15 15 15 23 23 23 93 93
57 57 57 57 57 57 57 57 57 57 57 57 57 84 84 84 84 84 84 84 84 84 84 84 81 81 81 81 81 81 84 84 84 15 15 15 15 15 15 15 15 15 15 15 15 23 23 23 93 93
37 33 33 33 37 55 55 23 23 23 23 23 23 84 84 84 84 84 84 84 84 84 84 84 81 81 81 81 81 81 84 84 84 15 15 15 15 15 15 15 15 15 15 15 15 23 23 23 93 93
9 33 33 33 9 9 9 23 23 23 23 23 23 84 84 84 84 84 84 84 84 84 84 84 81 81 81 81 81 81 84 84 84 15 15 15 15 15 15 15 15 15 15 15 15 93 93 93 93 93
9 33 33 33 9 9 9 90 90 90 16 16 16 84 84 84 84 84 84 84 84 84 84 84 81 81 81 81 81 81 84 84 84 15 15 15 15 15 15 15 15 15 15 15 15 93 93 93 93 93
9 33 33 33 56 56 56 56 56 56 16 16 16 84 84 84 84 84 84 84 84 84 84 84 81 81 81 81 81 81 84 84 84 15 15 15 15 15 15 15 15 15 15 15 15 85 9 9 9 9
9 33 33 33 56 56 56 56 56 56 56 56 56 56 56 56 56 56 56 56 84 84 84 84 81 81 81 81 81 81 15 15 15 15 15 15 15 15 15 15 15 15 15 15 15 9 9 9 9 9
78 78 78 78 78 78 78 78 78 78 78 78 78 78 78 78 78 78 78 78 78 78 78 78 78 78 78 78 78 78 78 78 78 78 78 78 78 78 78 78 78 78 78 78 78 78 78 78 78 78
